<assembly xmlns="http://maven.apache.org/plugins/maven-assembly-plugin/assembly/1.1.3"
          xmlns:xsi="http://www.w3.org/2001/XMLSchema-instance"
          xsi:schemaLocation="http://maven.apache.org/plugins/maven-assembly-plugin/assembly/1.1.3 http://maven.apache.org/xsd/assembly-1.1.3.xsd">
    <id>test-result-collection-tool</id>
    <includeBaseDirectory>false</includeBaseDirectory>
    <formats>
        <format>zip</format>
    </formats>
    <files>
        <file>
            <source>${project.build.directory}/test-result-collection-tool.shade.jar.jar</source>
            <destName>test-result-collection-tool.jar</destName>
        </file>
        <file>
            <source>${project.basedir}/src/main/assemblies/content/readme.txt</source>
        </file>
    </files>
</assembly>
