<?xml version="1.0" encoding="UTF-8" ?>
<testsuite name="JUnitSample2" tests="1" errors="0" skipped="0" failures="0">
    <testcase name="sampleTest2%%%TIMESTAMP%%%" time="0.008"/>
</testsuite>