<?xml version="1.0" encoding="UTF-8"?>
<testResult>
    <tests>
        <test package="com.examples.example" class="SampleClass" name="testOne%%%TIMESTAMP%%%" status="Passed" duration="2" started="1443096986850" />
    </tests>
</testResult>