<?xml version="1.0" encoding="UTF-8" ?>
<testsuite>
    <testcase name="testName"/>
    <testcase name="testNameSkipped" time="0.002">
        <skipped/>
    </testcase>
    <testcase name="testNameFailed" time="0.003">
        <failure type="java.lang.NullPointerException"/>
    </testcase>
    <testcase name="testNameWithError" time="0.004">
        <error type="java.lang.AssertionError"/>
    </testcase>
</testsuite>